19:35:36.694 [main] INFO  api.test.UserTests - *********Creating User***************
19:35:40.986 [main] INFO  api.test.UserTests - *********User is Created***************
21:49:29.469 [main] INFO  api.test.UserTests2 - *********Creating User***************
21:49:33.576 [main] INFO  api.test.UserTests2 - *********User is Created***************
21:49:33.607 [main] INFO  api.test.UserTests2 - *********Reading User Info***************
21:49:34.783 [main] INFO  api.test.UserTests2 - *********Updating the User Info***************
21:49:35.825 [main] INFO  api.test.UserTests2 - *********Deleting User***************
22:05:35.356 [main] INFO  api.test.UserTests - *********Creating User***************
22:05:36.522 [main] INFO  api.test.UserTests - *********User is Created***************
22:05:36.532 [main] INFO  api.test.UserTests - *********Reading User Info***************
22:05:37.637 [main] INFO  api.test.UserTests - *********Updating the User Info***************
22:05:38.718 [main] INFO  api.test.UserTests - *********Deleting User***************
22:16:12.073 [main] INFO  api.test.UserTests2 - *********Creating User***************
22:16:16.345 [main] INFO  api.test.UserTests2 - *********User is Created***************
22:16:16.386 [main] INFO  api.test.UserTests2 - *********Reading User Info***************
22:16:17.547 [main] INFO  api.test.UserTests2 - *********Updating the User Info***************
22:16:18.604 [main] INFO  api.test.UserTests2 - *********Deleting User***************
22:18:27.416 [main] INFO  api.test.UserTests2 - *********Creating User***************
22:18:31.592 [main] INFO  api.test.UserTests2 - *********User is Created***************
22:18:31.614 [main] INFO  api.test.UserTests2 - *********Reading User Info***************
22:18:32.799 [main] INFO  api.test.UserTests2 - *********Updating the User Info***************
22:18:34.312 [main] INFO  api.test.UserTests2 - *********Deleting User***************
22:20:01.800 [main] INFO  api.test.UserTests2 - *********Creating User***************
22:20:06.471 [main] INFO  api.test.UserTests2 - *********User is Created***************
22:20:06.504 [main] INFO  api.test.UserTests2 - *********Reading User Info***************
22:20:07.639 [main] INFO  api.test.UserTests2 - *********Updating the User Info***************
22:20:08.718 [main] INFO  api.test.UserTests2 - *********Deleting User***************
22:29:42.885 [main] INFO  api.test.UserTests2 - *********Creating User***************
22:29:47.032 [main] INFO  api.test.UserTests2 - *********User is Created***************
22:29:47.051 [main] INFO  api.test.UserTests2 - *********Reading User Info***************
22:29:48.242 [main] INFO  api.test.UserTests2 - *********Updating the User Info***************
22:29:49.345 [main] INFO  api.test.UserTests2 - *********Deleting User***************
13:16:12.082 [main] INFO  api.test.UserTests2 - *********Creating User***************
13:16:17.102 [main] INFO  api.test.UserTests2 - *********User is Created***************
13:16:17.136 [main] INFO  api.test.UserTests2 - *********Reading User Info***************
13:16:18.923 [main] INFO  api.test.UserTests2 - *********Updating the User Info***************
13:16:20.116 [main] INFO  api.test.UserTests2 - *********Deleting User***************
13:19:55.990 [main] INFO  api.test.UserTests - *********Creating User***************
13:19:57.209 [main] INFO  api.test.UserTests - *********User is Created***************
13:19:57.212 [main] INFO  api.test.UserTests - *********Reading User Info***************
13:19:58.292 [main] INFO  api.test.UserTests - *********Updating the User Info***************
13:19:59.393 [main] INFO  api.test.UserTests - *********Deleting User***************
13:26:42.094 [main] INFO  api.test.UserTests - *********Creating User***************
13:26:43.314 [main] INFO  api.test.UserTests - *********User is Created***************
13:26:43.322 [main] INFO  api.test.UserTests - *********Reading User Info***************
13:26:44.416 [main] INFO  api.test.UserTests - *********Updating the User Info***************
13:26:45.573 [main] INFO  api.test.UserTests - *********Deleting User***************
13:28:20.773 [main] INFO  api.test.UserTests2 - *********Creating User***************
13:28:24.944 [main] INFO  api.test.UserTests2 - *********User is Created***************
13:28:24.963 [main] INFO  api.test.UserTests2 - *********Reading User Info***************
13:28:26.061 [main] INFO  api.test.UserTests2 - *********Updating the User Info***************
13:28:27.156 [main] INFO  api.test.UserTests2 - *********Deleting User***************
